The system is: Windows - 10.0.18363 - AMD64
Compiling the C compiler identification source file "CMakeCCompilerId.c" succeeded.
Compiler: C:/Program Files (x86)/Microsoft Visual Studio 12.0/VC/bin/cl.exe 
Build flags: 
Id flags:  

The output was:
0
Microsoft (R) C/C++ Optimizing Compiler Version 18.00.40629 for x86
Copyright (C) Microsoft Corporation.  All rights reserved.

CMakeCCompilerId.c
Microsoft (R) Incremental Linker Version 12.00.40629.0
Copyright (C) Microsoft Corporation.  All rights reserved.

/out:CMakeCCompilerId.exe 
CMakeCCompilerId.obj 


Compilation of the C compiler identification source "CMakeCCompilerId.c" produced "CMakeCCompilerId.exe"

Compilation of the C compiler identification source "CMakeCCompilerId.c" produced "CMakeCCompilerId.obj"

The C compiler identification is MSVC, found in "C:/Users/valentin.berne/Desktop/TDA Lista/cmake-build-debug-visual-studio/CMakeFiles/3.16.5/CompilerIdC/CMakeCCompilerId.exe"

Determining if the C compiler works passed with the following output:
Change Dir: C:/Users/valentin.berne/Desktop/TDA Lista/cmake-build-debug-visual-studio/CMakeFiles/CMakeTmp

Run Build Command(s):nmake /nologo cmTC_5f352\fast && 	"C:\Program Files (x86)\Microsoft Visual Studio 12.0\VC\BIN\nmake.exe" -f CMakeFiles\cmTC_5f352.dir\build.make /nologo -L                  CMakeFiles\cmTC_5f352.dir\build
Building C object CMakeFiles/cmTC_5f352.dir/testCCompiler.c.obj
	C:\PROGRA~2\MICROS~1.0\VC\bin\cl.exe @C:\Users\VALENT~1.BER\AppData\Local\Temp\nmBA2B.tmp
testCCompiler.c
Linking C executable cmTC_5f352.exe
	"C:\Program Files\JetBrains\CLion 2020.1\bin\cmake\win\bin\cmake.exe" -E vs_link_exe --intdir=CMakeFiles\cmTC_5f352.dir --rc="C:\PROGRA~2\Windows Kits\8.1\bin\x86\rc.exe" --mt="C:\PROGRA~2\Windows Kits\8.1\bin\x86\mt.exe" --manifests  -- C:\PROGRA~2\MICROS~1.0\VC\bin\link.exe /nologo @CMakeFiles\cmTC_5f352.dir\objects1.rsp @C:\Users\VALENT~1.BER\AppData\Local\Temp\nmC22B.tmp



Detecting C compiler ABI info compiled with the following output:
Change Dir: C:/Users/valentin.berne/Desktop/TDA Lista/cmake-build-debug-visual-studio/CMakeFiles/CMakeTmp

Run Build Command(s):nmake /nologo cmTC_1d9a9\fast && 	"C:\Program Files (x86)\Microsoft Visual Studio 12.0\VC\BIN\nmake.exe" -f CMakeFiles\cmTC_1d9a9.dir\build.make /nologo -L                  CMakeFiles\cmTC_1d9a9.dir\build
Building C object CMakeFiles/cmTC_1d9a9.dir/CMakeCCompilerABI.c.obj
	C:\PROGRA~2\MICROS~1.0\VC\bin\cl.exe @C:\Users\VALENT~1.BER\AppData\Local\Temp\nmE2C1.tmp
CMakeCCompilerABI.c
Linking C executable cmTC_1d9a9.exe
	"C:\Program Files\JetBrains\CLion 2020.1\bin\cmake\win\bin\cmake.exe" -E vs_link_exe --intdir=CMakeFiles\cmTC_1d9a9.dir --rc="C:\PROGRA~2\Windows Kits\8.1\bin\x86\rc.exe" --mt="C:\PROGRA~2\Windows Kits\8.1\bin\x86\mt.exe" --manifests  -- C:\PROGRA~2\MICROS~1.0\VC\bin\link.exe /nologo @CMakeFiles\cmTC_1d9a9.dir\objects1.rsp @C:\Users\VALENT~1.BER\AppData\Local\Temp\nmE7A4.tmp



